<?xml version="1.0" encoding="UTF-8"?>
<testsuite xmlns:xsi="http://www.w3.org/2001/XMLSchema-instance" xsi:noNamespaceSchemaLocation="https://maven.apache.org/surefire/maven-surefire-plugin/xsd/surefire-test-report.xsd" name="FunctionalTests.SeleniumTests" time="17.264" tests="6" errors="5" skipped="1" failures="0">
  <properties>
[...]
</properties>
  <testcase name="testLogIn" classname="FunctionalTests.SeleniumTests" time="8.932">
    <error type="java.lang.NullPointerException">java.lang.NullPointerException
	at FunctionalTests.SeleniumTests.testLogIn(SeleniumTests.java:43)
</error>
    <system-err><![CDATA[Starting ChromeDriver 2.39.562737 (dba483cee6a5f15e2e2d73df16968ab10b38a2bf) on port 26432
Only local connections are allowed.
]]></system-err>
  </testcase>
  <testcase name="testLoginFailure" classname="FunctionalTests.SeleniumTests" time="1.836">
    <error message="unknown error: cannot determine loading status&#10;from disconnected: received Inspector.detached event&#10;  (Session info: chrome=67.0.3396.62)&#10;  (Driver info: chromedriver=2.39.562737 (dba483cee6a5f15e2e2d73df16968ab10b38a2bf),platform=Linux 4.13.0-45-generic x86_64) (WARNING: The server did not provide any stacktrace information)&#10;Command duration or timeout: 483 milliseconds&#10;Build info: version: &apos;2.44.0&apos;, revision: &apos;76d78cf323ce037c5f92db6c1bba601c2ac43ad8&apos;, time: &apos;2014-10-23 13:11:40&apos;&#10;System info: host: &apos;carlos-GL552JX&apos;, ip: &apos;127.0.1.1&apos;, os.name: &apos;Linux&apos;, os.arch: &apos;amd64&apos;, os.version: &apos;4.13.0-45-generic&apos;, java.version: &apos;1.8.0_144&apos;&#10;Driver info: org.openqa.selenium.chrome.ChromeDriver&#10;Capabilities [{applicationCacheEnabled=false, rotatable=false, mobileEmulationEnabled=false, networkConnectionEnabled=false, chrome={chromedriverVersion=2.39.562737 (dba483cee6a5f15e2e2d73df16968ab10b38a2bf), userDataDir=/tmp/.org.chromium.Chromium.yJ8V8D}, takesHeapSnapshot=true, pageLoadStrategy=normal, databaseEnabled=false, handlesAlerts=true, hasTouchScreen=false, version=67.0.3396.62, platform=LINUX, browserConnectionEnabled=false, nativeEvents=true, acceptSslCerts=false, acceptInsecureCerts=false, locationContextEnabled=true, webStorageEnabled=true, browserName=chrome, takesScreenshot=true, javascriptEnabled=true, cssSelectorsEnabled=true, setWindowRect=true, unexpectedAlertBehaviour=}]&#10;Session ID: c675d751e46f7f8e3a80de19e6a3f5f3" type="org.openqa.selenium.WebDriverException">org.openqa.selenium.WebDriverException: 
unknown error: cannot determine loading status
from disconnected: received Inspector.detached event
  (Session info: chrome=67.0.3396.62)
  (Driver info: chromedriver=2.39.562737 (dba483cee6a5f15e2e2d73df16968ab10b38a2bf),platform=Linux 4.13.0-45-generic x86_64) (WARNING: The server did not provide any stacktrace information)
Command duration or timeout: 483 milliseconds
Build info: version: '2.44.0', revision: '76d78cf323ce037c5f92db6c1bba601c2ac43ad8', time: '2014-10-23 13:11:40'
System info: host: 'carlos-GL552JX', ip: '127.0.1.1', os.name: 'Linux', os.arch: 'amd64', os.version: '4.13.0-45-generic', java.version: '1.8.0_144'
Driver info: org.openqa.selenium.chrome.ChromeDriver
Capabilities [{applicationCacheEnabled=false, rotatable=false, mobileEmulationEnabled=false, networkConnectionEnabled=false, chrome={chromedriverVersion=2.39.562737 (dba483cee6a5f15e2e2d73df16968ab10b38a2bf), userDataDir=/tmp/.org.chromium.Chromium.yJ8V8D}, takesHeapSnapshot=true, pageLoadStrategy=normal, databaseEnabled=false, handlesAlerts=true, hasTouchScreen=false, version=67.0.3396.62, platform=LINUX, browserConnectionEnabled=false, nativeEvents=true, acceptSslCerts=false, acceptInsecureCerts=false, locationContextEnabled=true, webStorageEnabled=true, browserName=chrome, takesScreenshot=true, javascriptEnabled=true, cssSelectorsEnabled=true, setWindowRect=true, unexpectedAlertBehaviour=}]
Session ID: c675d751e46f7f8e3a80de19e6a3f5f3
	at FunctionalTests.SeleniumTests.testLoginFailure(SeleniumTests.java:58)
</error>
    <system-err><![CDATA[Starting ChromeDriver 2.39.562737 (dba483cee6a5f15e2e2d73df16968ab10b38a2bf) on port 5268
Only local connections are allowed.
]]></system-err>
  </testcase>
  <testcase name="testCart" classname="FunctionalTests.SeleniumTests" time="1.922">
    <error message="unknown error: cannot determine loading status&#10;from disconnected: received Inspector.detached event&#10;  (Session info: chrome=67.0.3396.62)&#10;  (Driver info: chromedriver=2.39.562737 (dba483cee6a5f15e2e2d73df16968ab10b38a2bf),platform=Linux 4.13.0-45-generic x86_64) (WARNING: The server did not provide any stacktrace information)&#10;Command duration or timeout: 503 milliseconds&#10;Build info: version: &apos;2.44.0&apos;, revision: &apos;76d78cf323ce037c5f92db6c1bba601c2ac43ad8&apos;, time: &apos;2014-10-23 13:11:40&apos;&#10;System info: host: &apos;carlos-GL552JX&apos;, ip: &apos;127.0.1.1&apos;, os.name: &apos;Linux&apos;, os.arch: &apos;amd64&apos;, os.version: &apos;4.13.0-45-generic&apos;, java.version: &apos;1.8.0_144&apos;&#10;Driver info: org.openqa.selenium.chrome.ChromeDriver&#10;Capabilities [{applicationCacheEnabled=false, rotatable=false, mobileEmulationEnabled=false, networkConnectionEnabled=false, chrome={chromedriverVersion=2.39.562737 (dba483cee6a5f15e2e2d73df16968ab10b38a2bf), userDataDir=/tmp/.org.chromium.Chromium.In5Wxx}, takesHeapSnapshot=true, pageLoadStrategy=normal, databaseEnabled=false, handlesAlerts=true, hasTouchScreen=false, version=67.0.3396.62, platform=LINUX, browserConnectionEnabled=false, nativeEvents=true, acceptSslCerts=false, acceptInsecureCerts=false, locationContextEnabled=true, webStorageEnabled=true, browserName=chrome, takesScreenshot=true, javascriptEnabled=true, cssSelectorsEnabled=true, setWindowRect=true, unexpectedAlertBehaviour=}]&#10;Session ID: d688a660f12420d6e3d606e1a5366766" type="org.openqa.selenium.WebDriverException">org.openqa.selenium.WebDriverException: 
unknown error: cannot determine loading status
from disconnected: received Inspector.detached event
  (Session info: chrome=67.0.3396.62)
  (Driver info: chromedriver=2.39.562737 (dba483cee6a5f15e2e2d73df16968ab10b38a2bf),platform=Linux 4.13.0-45-generic x86_64) (WARNING: The server did not provide any stacktrace information)
Command duration or timeout: 503 milliseconds
Build info: version: '2.44.0', revision: '76d78cf323ce037c5f92db6c1bba601c2ac43ad8', time: '2014-10-23 13:11:40'
System info: host: 'carlos-GL552JX', ip: '127.0.1.1', os.name: 'Linux', os.arch: 'amd64', os.version: '4.13.0-45-generic', java.version: '1.8.0_144'
Driver info: org.openqa.selenium.chrome.ChromeDriver
Capabilities [{applicationCacheEnabled=false, rotatable=false, mobileEmulationEnabled=false, networkConnectionEnabled=false, chrome={chromedriverVersion=2.39.562737 (dba483cee6a5f15e2e2d73df16968ab10b38a2bf), userDataDir=/tmp/.org.chromium.Chromium.In5Wxx}, takesHeapSnapshot=true, pageLoadStrategy=normal, databaseEnabled=false, handlesAlerts=true, hasTouchScreen=false, version=67.0.3396.62, platform=LINUX, browserConnectionEnabled=false, nativeEvents=true, acceptSslCerts=false, acceptInsecureCerts=false, locationContextEnabled=true, webStorageEnabled=true, browserName=chrome, takesScreenshot=true, javascriptEnabled=true, cssSelectorsEnabled=true, setWindowRect=true, unexpectedAlertBehaviour=}]
Session ID: d688a660f12420d6e3d606e1a5366766
	at FunctionalTests.SeleniumTests.testCart(SeleniumTests.java:71)
</error>
    <system-err><![CDATA[Starting ChromeDriver 2.39.562737 (dba483cee6a5f15e2e2d73df16968ab10b38a2bf) on port 25462
Only local connections are allowed.
]]></system-err>
  </testcase>
  <testcase name="testProfile" classname="FunctionalTests.SeleniumTests" time="1.959">
    <error message="unknown error: cannot determine loading status&#10;from disconnected: received Inspector.detached event&#10;  (Session info: chrome=67.0.3396.62)&#10;  (Driver info: chromedriver=2.39.562737 (dba483cee6a5f15e2e2d73df16968ab10b38a2bf),platform=Linux 4.13.0-45-generic x86_64) (WARNING: The server did not provide any stacktrace information)&#10;Command duration or timeout: 616 milliseconds&#10;Build info: version: &apos;2.44.0&apos;, revision: &apos;76d78cf323ce037c5f92db6c1bba601c2ac43ad8&apos;, time: &apos;2014-10-23 13:11:40&apos;&#10;System info: host: &apos;carlos-GL552JX&apos;, ip: &apos;127.0.1.1&apos;, os.name: &apos;Linux&apos;, os.arch: &apos;amd64&apos;, os.version: &apos;4.13.0-45-generic&apos;, java.version: &apos;1.8.0_144&apos;&#10;Driver info: org.openqa.selenium.chrome.ChromeDriver&#10;Capabilities [{applicationCacheEnabled=false, rotatable=false, mobileEmulationEnabled=false, networkConnectionEnabled=false, chrome={chromedriverVersion=2.39.562737 (dba483cee6a5f15e2e2d73df16968ab10b38a2bf), userDataDir=/tmp/.org.chromium.Chromium.TKhHvz}, takesHeapSnapshot=true, pageLoadStrategy=normal, databaseEnabled=false, handlesAlerts=true, hasTouchScreen=false, version=67.0.3396.62, platform=LINUX, browserConnectionEnabled=false, nativeEvents=true, acceptSslCerts=false, acceptInsecureCerts=false, locationContextEnabled=true, webStorageEnabled=true, browserName=chrome, takesScreenshot=true, javascriptEnabled=true, cssSelectorsEnabled=true, setWindowRect=true, unexpectedAlertBehaviour=}]&#10;Session ID: 092ec6c2516bba46c8fcecd14ca1a3c0" type="org.openqa.selenium.WebDriverException">org.openqa.selenium.WebDriverException: 
unknown error: cannot determine loading status
from disconnected: received Inspector.detached event
  (Session info: chrome=67.0.3396.62)
  (Driver info: chromedriver=2.39.562737 (dba483cee6a5f15e2e2d73df16968ab10b38a2bf),platform=Linux 4.13.0-45-generic x86_64) (WARNING: The server did not provide any stacktrace information)
Command duration or timeout: 616 milliseconds
Build info: version: '2.44.0', revision: '76d78cf323ce037c5f92db6c1bba601c2ac43ad8', time: '2014-10-23 13:11:40'
System info: host: 'carlos-GL552JX', ip: '127.0.1.1', os.name: 'Linux', os.arch: 'amd64', os.version: '4.13.0-45-generic', java.version: '1.8.0_144'
Driver info: org.openqa.selenium.chrome.ChromeDriver
Capabilities [{applicationCacheEnabled=false, rotatable=false, mobileEmulationEnabled=false, networkConnectionEnabled=false, chrome={chromedriverVersion=2.39.562737 (dba483cee6a5f15e2e2d73df16968ab10b38a2bf), userDataDir=/tmp/.org.chromium.Chromium.TKhHvz}, takesHeapSnapshot=true, pageLoadStrategy=normal, databaseEnabled=false, handlesAlerts=true, hasTouchScreen=false, version=67.0.3396.62, platform=LINUX, browserConnectionEnabled=false, nativeEvents=true, acceptSslCerts=false, acceptInsecureCerts=false, locationContextEnabled=true, webStorageEnabled=true, browserName=chrome, takesScreenshot=true, javascriptEnabled=true, cssSelectorsEnabled=true, setWindowRect=true, unexpectedAlertBehaviour=}]
Session ID: 092ec6c2516bba46c8fcecd14ca1a3c0
	at FunctionalTests.SeleniumTests.testProfile(SeleniumTests.java:78)
</error>
    <system-err><![CDATA[Starting ChromeDriver 2.39.562737 (dba483cee6a5f15e2e2d73df16968ab10b38a2bf) on port 6544
Only local connections are allowed.
]]></system-err>
  </testcase>
  <testcase name="testCartAddProduct" classname="FunctionalTests.SeleniumTests" time="0">
    <skipped/>
  </testcase>
  <testcase name="testHomeFilter" classname="FunctionalTests.SeleniumTests" time="2.589">
    <error type="java.lang.NullPointerException">java.lang.NullPointerException
	at FunctionalTests.SeleniumTests.testHomeFilter(SeleniumTests.java:94)
</error>
    <system-err><![CDATA[Starting ChromeDriver 2.39.562737 (dba483cee6a5f15e2e2d73df16968ab10b38a2bf) on port 5818
Only local connections are allowed.
]]></system-err>
  </testcase>
</testsuite>