<?xml version="1.0" encoding="UTF-8"?>
<testsuite xmlns:xsi="http://www.w3.org/2001/XMLSchema-instance" xsi:noNamespaceSchemaLocation="https://maven.apache.org/surefire/maven-surefire-plugin/xsd/surefire-test-report.xsd" name="test" time="4.118" tests="4" errors="0" skipped="2" failures="0">
  <properties>
[...]
</properties>
  <testcase name="testLogIn" classname="test" time="2.259"/>
  <testcase name="testFailedLogIn" classname="test" time="1.831"/>
  <testcase name="testCart" classname="test" time="0">
    <skipped/>
  </testcase>
  <testcase name="testProfile" classname="test" time="0">
    <skipped/>
  </testcase>
</testsuite>